{"contracts/MockERC20.sol":{"l":{"8":44},"path":"/home/hernan/proyects/ethkipu/ethkipu-modulo4-tp/contracts/MockERC20.sol","s":{"1":44},"b":{},"f":{"1":44},"fnMap":{"1":{"name":"constructor","line":7,"loc":{"start":{"line":7,"column":4},"end":{"line":9,"column":4}}}},"statementMap":{"1":{"start":{"line":8,"column":8},"end":{"line":8,"column":39}}},"branchMap":{}},"contracts/SimpleSwap.sol":{"l":{"70":20,"72":19,"73":19,"75":19,"76":18,"77":17,"78":17,"79":17,"80":17,"82":1,"89":17,"90":17,"91":17,"93":17,"94":17,"95":17,"96":17,"98":0,"99":0,"100":0,"101":0,"104":17,"105":16,"106":15,"108":14,"109":14,"111":14,"112":14,"113":14,"114":14,"136":5,"138":4,"139":4,"141":4,"147":4,"148":4,"149":4,"151":4,"153":3,"154":3,"156":3,"157":2,"159":1,"161":1,"162":1,"164":1,"165":1,"166":1,"182":6,"183":5,"185":4,"186":4,"188":4,"189":4,"191":4,"197":2,"201":2,"203":2,"204":2,"206":1,"207":1,"208":1,"210":0,"211":0,"214":1,"215":1,"223":2,"224":2,"226":2,"232":1,"233":1,"235":1,"237":1,"250":3,"251":2,"253":1},"path":"/home/hernan/proyects/ethkipu/ethkipu-modulo4-tp/contracts/SimpleSwap.sol","s":{"1":20,"2":19,"3":19,"4":19,"5":18,"6":1,"7":17,"8":17,"9":17,"10":17,"11":0,"12":17,"13":16,"14":15,"15":14,"16":14,"17":14,"18":14,"19":5,"20":4,"21":4,"22":4,"23":4,"24":4,"25":4,"26":4,"27":3,"28":2,"29":1,"30":1,"31":1,"32":1,"33":6,"34":5,"35":4,"36":4,"37":4,"38":4,"39":4,"40":2,"41":2,"42":2,"43":2,"44":1,"45":1,"46":1,"47":2,"48":2,"49":2,"50":1,"51":1,"52":1,"53":3,"54":2,"55":1},"b":{"1":[19,1],"2":[18,1],"3":[17,1],"4":[0,1],"5":[0,0],"6":[17,0],"7":[0,0],"8":[16,1],"9":[15,1],"10":[14,1],"11":[4,1],"12":[4,0],"13":[4,0],"14":[3,1],"15":[2,1],"16":[1,1],"17":[5,1],"18":[4,1],"19":[2,2],"20":[2,0],"21":[2,0],"22":[1,1],"23":[1,0],"24":[1,1],"25":[1,0],"26":[1,0],"27":[2,1],"28":[1,1]},"f":{"1":22,"2":20,"3":5,"4":6,"5":2,"6":3},"fnMap":{"1":{"name":"constructor","line":46,"loc":{"start":{"line":46,"column":4},"end":{"line":46,"column":44}}},"2":{"name":"addLiquidity","line":60,"loc":{"start":{"line":60,"column":4},"end":{"line":115,"column":4}}},"3":{"name":"removeLiquidity","line":127,"loc":{"start":{"line":127,"column":4},"end":{"line":167,"column":4}}},"4":{"name":"swapExactTokensForTokens","line":175,"loc":{"start":{"line":175,"column":4},"end":{"line":216,"column":4}}},"5":{"name":"getPrice","line":222,"loc":{"start":{"line":222,"column":4},"end":{"line":238,"column":4}}},"6":{"name":"getAmountOut","line":245,"loc":{"start":{"line":245,"column":4},"end":{"line":254,"column":4}}}},"statementMap":{"1":{"start":{"line":70,"column":8},"end":{"line":70,"column":54}},"2":{"start":{"line":72,"column":8},"end":{"line":72,"column":44}},"3":{"start":{"line":73,"column":8},"end":{"line":73,"column":44}},"4":{"start":{"line":75,"column":8},"end":{"line":75,"column":3248}},"5":{"start":{"line":76,"column":12},"end":{"line":76,"column":58}},"6":{"start":{"line":82,"column":12},"end":{"line":82,"column":3550}},"7":{"start":{"line":89,"column":8},"end":{"line":89,"column":36}},"8":{"start":{"line":90,"column":8},"end":{"line":90,"column":36}},"9":{"start":{"line":91,"column":8},"end":{"line":91,"column":44}},"10":{"start":{"line":93,"column":8},"end":{"line":93,"column":3891}},"11":{"start":{"line":100,"column":12},"end":{"line":100,"column":59}},"12":{"start":{"line":104,"column":8},"end":{"line":104,"column":46}},"13":{"start":{"line":105,"column":8},"end":{"line":105,"column":46}},"14":{"start":{"line":106,"column":8},"end":{"line":106,"column":47}},"15":{"start":{"line":108,"column":8},"end":{"line":108,"column":81}},"16":{"start":{"line":109,"column":8},"end":{"line":109,"column":81}},"17":{"start":{"line":113,"column":8},"end":{"line":113,"column":27}},"18":{"start":{"line":114,"column":8},"end":{"line":114,"column":66}},"19":{"start":{"line":136,"column":8},"end":{"line":136,"column":54}},"20":{"start":{"line":138,"column":8},"end":{"line":138,"column":44}},"21":{"start":{"line":139,"column":8},"end":{"line":139,"column":44}},"22":{"start":{"line":141,"column":8},"end":{"line":141,"column":5765}},"23":{"start":{"line":147,"column":8},"end":{"line":147,"column":36}},"24":{"start":{"line":148,"column":8},"end":{"line":148,"column":36}},"25":{"start":{"line":149,"column":8},"end":{"line":149,"column":44}},"26":{"start":{"line":151,"column":8},"end":{"line":151,"column":67}},"27":{"start":{"line":156,"column":8},"end":{"line":156,"column":46}},"28":{"start":{"line":157,"column":8},"end":{"line":157,"column":46}},"29":{"start":{"line":159,"column":8},"end":{"line":159,"column":35}},"30":{"start":{"line":164,"column":8},"end":{"line":164,"column":54}},"31":{"start":{"line":165,"column":8},"end":{"line":165,"column":54}},"32":{"start":{"line":166,"column":8},"end":{"line":166,"column":69}},"33":{"start":{"line":182,"column":8},"end":{"line":182,"column":54}},"34":{"start":{"line":183,"column":8},"end":{"line":183,"column":54}},"35":{"start":{"line":185,"column":8},"end":{"line":185,"column":33}},"36":{"start":{"line":186,"column":8},"end":{"line":186,"column":34}},"37":{"start":{"line":188,"column":8},"end":{"line":188,"column":44}},"38":{"start":{"line":189,"column":8},"end":{"line":189,"column":44}},"39":{"start":{"line":191,"column":8},"end":{"line":191,"column":7533}},"40":{"start":{"line":197,"column":8},"end":{"line":197,"column":7760}},"41":{"start":{"line":201,"column":8},"end":{"line":201,"column":76}},"42":{"start":{"line":203,"column":8},"end":{"line":203,"column":76}},"43":{"start":{"line":204,"column":8},"end":{"line":204,"column":53}},"44":{"start":{"line":206,"column":8},"end":{"line":206,"column":8096}},"45":{"start":{"line":214,"column":8},"end":{"line":214,"column":51}},"46":{"start":{"line":215,"column":8},"end":{"line":215,"column":69}},"47":{"start":{"line":223,"column":8},"end":{"line":223,"column":44}},"48":{"start":{"line":224,"column":8},"end":{"line":224,"column":44}},"49":{"start":{"line":226,"column":8},"end":{"line":226,"column":8809}},"50":{"start":{"line":232,"column":8},"end":{"line":232,"column":36}},"51":{"start":{"line":233,"column":8},"end":{"line":233,"column":36}},"52":{"start":{"line":235,"column":8},"end":{"line":235,"column":61}},"53":{"start":{"line":250,"column":8},"end":{"line":250,"column":42}},"54":{"start":{"line":251,"column":8},"end":{"line":251,"column":65}},"55":{"start":{"line":253,"column":8},"end":{"line":253,"column":63}}},"branchMap":{"1":{"line":70,"type":"if","locations":[{"start":{"line":70,"column":8},"end":{"line":70,"column":8}},{"start":{"line":70,"column":8},"end":{"line":70,"column":8}}]},"2":{"line":75,"type":"if","locations":[{"start":{"line":75,"column":8},"end":{"line":75,"column":8}},{"start":{"line":75,"column":8},"end":{"line":75,"column":8}}]},"3":{"line":76,"type":"if","locations":[{"start":{"line":76,"column":12},"end":{"line":76,"column":12}},{"start":{"line":76,"column":12},"end":{"line":76,"column":12}}]},"4":{"line":82,"type":"if","locations":[{"start":{"line":82,"column":12},"end":{"line":82,"column":12}},{"start":{"line":82,"column":12},"end":{"line":82,"column":12}}]},"5":{"line":83,"type":"cond-expr","locations":[{"start":{"line":83,"column":16},"end":{"line":83,"column":67}},{"start":{"line":84,"column":16},"end":{"line":84,"column":67}}]},"6":{"line":93,"type":"if","locations":[{"start":{"line":93,"column":8},"end":{"line":93,"column":8}},{"start":{"line":93,"column":8},"end":{"line":93,"column":8}}]},"7":{"line":100,"type":"if","locations":[{"start":{"line":100,"column":12},"end":{"line":100,"column":12}},{"start":{"line":100,"column":12},"end":{"line":100,"column":12}}]},"8":{"line":104,"type":"if","locations":[{"start":{"line":104,"column":8},"end":{"line":104,"column":8}},{"start":{"line":104,"column":8},"end":{"line":104,"column":8}}]},"9":{"line":105,"type":"if","locations":[{"start":{"line":105,"column":8},"end":{"line":105,"column":8}},{"start":{"line":105,"column":8},"end":{"line":105,"column":8}}]},"10":{"line":106,"type":"if","locations":[{"start":{"line":106,"column":8},"end":{"line":106,"column":8}},{"start":{"line":106,"column":8},"end":{"line":106,"column":8}}]},"11":{"line":136,"type":"if","locations":[{"start":{"line":136,"column":8},"end":{"line":136,"column":8}},{"start":{"line":136,"column":8},"end":{"line":136,"column":8}}]},"12":{"line":141,"type":"if","locations":[{"start":{"line":141,"column":8},"end":{"line":141,"column":8}},{"start":{"line":141,"column":8},"end":{"line":141,"column":8}}]},"13":{"line":142,"type":"cond-expr","locations":[{"start":{"line":142,"column":12},"end":{"line":142,"column":63}},{"start":{"line":143,"column":12},"end":{"line":143,"column":63}}]},"14":{"line":151,"type":"if","locations":[{"start":{"line":151,"column":8},"end":{"line":151,"column":8}},{"start":{"line":151,"column":8},"end":{"line":151,"column":8}}]},"15":{"line":156,"type":"if","locations":[{"start":{"line":156,"column":8},"end":{"line":156,"column":8}},{"start":{"line":156,"column":8},"end":{"line":156,"column":8}}]},"16":{"line":157,"type":"if","locations":[{"start":{"line":157,"column":8},"end":{"line":157,"column":8}},{"start":{"line":157,"column":8},"end":{"line":157,"column":8}}]},"17":{"line":182,"type":"if","locations":[{"start":{"line":182,"column":8},"end":{"line":182,"column":8}},{"start":{"line":182,"column":8},"end":{"line":182,"column":8}}]},"18":{"line":183,"type":"if","locations":[{"start":{"line":183,"column":8},"end":{"line":183,"column":8}},{"start":{"line":183,"column":8},"end":{"line":183,"column":8}}]},"19":{"line":191,"type":"if","locations":[{"start":{"line":191,"column":8},"end":{"line":191,"column":8}},{"start":{"line":191,"column":8},"end":{"line":191,"column":8}}]},"20":{"line":192,"type":"cond-expr","locations":[{"start":{"line":192,"column":12},"end":{"line":192,"column":66}},{"start":{"line":193,"column":12},"end":{"line":193,"column":66}}]},"21":{"line":198,"type":"if","locations":[{"start":{"line":198,"column":14},"end":{"line":198,"column":33}},{"start":{"line":199,"column":14},"end":{"line":199,"column":33}}]},"22":{"line":204,"type":"if","locations":[{"start":{"line":204,"column":8},"end":{"line":204,"column":8}},{"start":{"line":204,"column":8},"end":{"line":204,"column":8}}]},"23":{"line":206,"type":"if","locations":[{"start":{"line":206,"column":8},"end":{"line":206,"column":8}},{"start":{"line":206,"column":8},"end":{"line":206,"column":8}}]},"24":{"line":226,"type":"if","locations":[{"start":{"line":226,"column":8},"end":{"line":226,"column":8}},{"start":{"line":226,"column":8},"end":{"line":226,"column":8}}]},"25":{"line":227,"type":"cond-expr","locations":[{"start":{"line":227,"column":12},"end":{"line":227,"column":63}},{"start":{"line":228,"column":12},"end":{"line":228,"column":63}}]},"26":{"line":235,"type":"if","locations":[{"start":{"line":235,"column":8},"end":{"line":235,"column":8}},{"start":{"line":235,"column":8},"end":{"line":235,"column":8}}]},"27":{"line":250,"type":"if","locations":[{"start":{"line":250,"column":8},"end":{"line":250,"column":8}},{"start":{"line":250,"column":8},"end":{"line":250,"column":8}}]},"28":{"line":251,"type":"if","locations":[{"start":{"line":251,"column":8},"end":{"line":251,"column":8}},{"start":{"line":251,"column":8},"end":{"line":251,"column":8}}]}}}}