{"contracts/MockERC20.sol":{"l":{"8":44},"path":"/home/hernan/proyects/ethkipu/ethkipu-modulo4-tp/contracts/MockERC20.sol","s":{"1":44},"b":{},"f":{"1":44},"fnMap":{"1":{"name":"constructor","line":7,"loc":{"start":{"line":7,"column":4},"end":{"line":9,"column":4}}}},"statementMap":{"1":{"start":{"line":8,"column":8},"end":{"line":8,"column":39}}},"branchMap":{}},"contracts/SimpleSwap.sol":{"l":{"71":20,"73":19,"74":19,"76":19,"77":18,"78":17,"79":17,"80":17,"81":17,"83":1,"90":17,"91":17,"92":17,"94":17,"95":17,"96":17,"97":17,"99":0,"100":0,"101":0,"102":0,"105":17,"106":16,"107":15,"109":14,"110":14,"112":14,"113":14,"114":14,"115":14,"137":5,"139":4,"140":4,"142":4,"148":4,"149":4,"150":4,"152":4,"154":3,"155":3,"157":3,"158":2,"160":1,"162":1,"163":1,"165":1,"166":1,"167":1,"183":6,"184":5,"185":4,"196":4,"197":4,"199":4,"205":2,"209":2,"211":2,"212":2,"214":1,"215":1,"216":1,"218":0,"219":0,"222":1,"223":1,"231":2,"232":2,"234":2,"240":1,"241":1,"243":1,"245":1,"258":3,"259":2,"261":1},"path":"/home/hernan/proyects/ethkipu/ethkipu-modulo4-tp/contracts/SimpleSwap.sol","s":{"1":20,"2":19,"3":19,"4":19,"5":18,"6":1,"7":17,"8":17,"9":17,"10":17,"11":0,"12":17,"13":16,"14":15,"15":14,"16":14,"17":14,"18":14,"19":5,"20":4,"21":4,"22":4,"23":4,"24":4,"25":4,"26":4,"27":3,"28":2,"29":1,"30":1,"31":1,"32":1,"33":6,"34":5,"35":4,"36":4,"37":4,"38":4,"39":2,"40":2,"41":2,"42":2,"43":1,"44":1,"45":1,"46":2,"47":2,"48":2,"49":1,"50":1,"51":1,"52":3,"53":2,"54":1},"b":{"1":[19,1],"2":[18,1],"3":[17,1],"4":[0,1],"5":[0,0],"6":[17,0],"7":[0,0],"8":[16,1],"9":[15,1],"10":[14,1],"11":[4,1],"12":[4,0],"13":[4,0],"14":[3,1],"15":[2,1],"16":[1,1],"17":[5,1],"18":[4,1],"19":[2,2],"20":[2,0],"21":[2,0],"22":[1,1],"23":[1,0],"24":[1,1],"25":[1,0],"26":[1,0],"27":[2,1],"28":[1,1]},"f":{"1":22,"2":20,"3":5,"4":6,"5":4,"6":2,"7":3},"fnMap":{"1":{"name":"constructor","line":47,"loc":{"start":{"line":47,"column":4},"end":{"line":47,"column":44}}},"2":{"name":"addLiquidity","line":61,"loc":{"start":{"line":61,"column":4},"end":{"line":116,"column":4}}},"3":{"name":"removeLiquidity","line":128,"loc":{"start":{"line":128,"column":4},"end":{"line":168,"column":4}}},"4":{"name":"swapExactTokensForTokens","line":176,"loc":{"start":{"line":176,"column":4},"end":{"line":186,"column":4}}},"5":{"name":"_swapExactTokensForTokens","line":189,"loc":{"start":{"line":189,"column":4},"end":{"line":224,"column":4}}},"6":{"name":"getPrice","line":230,"loc":{"start":{"line":230,"column":4},"end":{"line":246,"column":4}}},"7":{"name":"getAmountOut","line":253,"loc":{"start":{"line":253,"column":4},"end":{"line":262,"column":4}}}},"statementMap":{"1":{"start":{"line":71,"column":8},"end":{"line":71,"column":54}},"2":{"start":{"line":73,"column":8},"end":{"line":73,"column":44}},"3":{"start":{"line":74,"column":8},"end":{"line":74,"column":44}},"4":{"start":{"line":76,"column":8},"end":{"line":76,"column":3249}},"5":{"start":{"line":77,"column":12},"end":{"line":77,"column":58}},"6":{"start":{"line":83,"column":12},"end":{"line":83,"column":3551}},"7":{"start":{"line":90,"column":8},"end":{"line":90,"column":36}},"8":{"start":{"line":91,"column":8},"end":{"line":91,"column":36}},"9":{"start":{"line":92,"column":8},"end":{"line":92,"column":44}},"10":{"start":{"line":94,"column":8},"end":{"line":94,"column":3892}},"11":{"start":{"line":101,"column":12},"end":{"line":101,"column":59}},"12":{"start":{"line":105,"column":8},"end":{"line":105,"column":46}},"13":{"start":{"line":106,"column":8},"end":{"line":106,"column":46}},"14":{"start":{"line":107,"column":8},"end":{"line":107,"column":47}},"15":{"start":{"line":109,"column":8},"end":{"line":109,"column":81}},"16":{"start":{"line":110,"column":8},"end":{"line":110,"column":81}},"17":{"start":{"line":114,"column":8},"end":{"line":114,"column":27}},"18":{"start":{"line":115,"column":8},"end":{"line":115,"column":66}},"19":{"start":{"line":137,"column":8},"end":{"line":137,"column":54}},"20":{"start":{"line":139,"column":8},"end":{"line":139,"column":44}},"21":{"start":{"line":140,"column":8},"end":{"line":140,"column":44}},"22":{"start":{"line":142,"column":8},"end":{"line":142,"column":5766}},"23":{"start":{"line":148,"column":8},"end":{"line":148,"column":36}},"24":{"start":{"line":149,"column":8},"end":{"line":149,"column":36}},"25":{"start":{"line":150,"column":8},"end":{"line":150,"column":44}},"26":{"start":{"line":152,"column":8},"end":{"line":152,"column":67}},"27":{"start":{"line":157,"column":8},"end":{"line":157,"column":46}},"28":{"start":{"line":158,"column":8},"end":{"line":158,"column":46}},"29":{"start":{"line":160,"column":8},"end":{"line":160,"column":35}},"30":{"start":{"line":165,"column":8},"end":{"line":165,"column":54}},"31":{"start":{"line":166,"column":8},"end":{"line":166,"column":54}},"32":{"start":{"line":167,"column":8},"end":{"line":167,"column":69}},"33":{"start":{"line":183,"column":8},"end":{"line":183,"column":54}},"34":{"start":{"line":184,"column":8},"end":{"line":184,"column":54}},"35":{"start":{"line":185,"column":8},"end":{"line":185,"column":78}},"36":{"start":{"line":196,"column":8},"end":{"line":196,"column":44}},"37":{"start":{"line":197,"column":8},"end":{"line":197,"column":44}},"38":{"start":{"line":199,"column":8},"end":{"line":199,"column":7777}},"39":{"start":{"line":205,"column":8},"end":{"line":205,"column":8004}},"40":{"start":{"line":209,"column":8},"end":{"line":209,"column":76}},"41":{"start":{"line":211,"column":8},"end":{"line":211,"column":76}},"42":{"start":{"line":212,"column":8},"end":{"line":212,"column":53}},"43":{"start":{"line":214,"column":8},"end":{"line":214,"column":8340}},"44":{"start":{"line":222,"column":8},"end":{"line":222,"column":51}},"45":{"start":{"line":223,"column":8},"end":{"line":223,"column":69}},"46":{"start":{"line":231,"column":8},"end":{"line":231,"column":44}},"47":{"start":{"line":232,"column":8},"end":{"line":232,"column":44}},"48":{"start":{"line":234,"column":8},"end":{"line":234,"column":9053}},"49":{"start":{"line":240,"column":8},"end":{"line":240,"column":36}},"50":{"start":{"line":241,"column":8},"end":{"line":241,"column":36}},"51":{"start":{"line":243,"column":8},"end":{"line":243,"column":61}},"52":{"start":{"line":258,"column":8},"end":{"line":258,"column":42}},"53":{"start":{"line":259,"column":8},"end":{"line":259,"column":65}},"54":{"start":{"line":261,"column":8},"end":{"line":261,"column":63}}},"branchMap":{"1":{"line":71,"type":"if","locations":[{"start":{"line":71,"column":8},"end":{"line":71,"column":8}},{"start":{"line":71,"column":8},"end":{"line":71,"column":8}}]},"2":{"line":76,"type":"if","locations":[{"start":{"line":76,"column":8},"end":{"line":76,"column":8}},{"start":{"line":76,"column":8},"end":{"line":76,"column":8}}]},"3":{"line":77,"type":"if","locations":[{"start":{"line":77,"column":12},"end":{"line":77,"column":12}},{"start":{"line":77,"column":12},"end":{"line":77,"column":12}}]},"4":{"line":83,"type":"if","locations":[{"start":{"line":83,"column":12},"end":{"line":83,"column":12}},{"start":{"line":83,"column":12},"end":{"line":83,"column":12}}]},"5":{"line":84,"type":"cond-expr","locations":[{"start":{"line":84,"column":16},"end":{"line":84,"column":67}},{"start":{"line":85,"column":16},"end":{"line":85,"column":67}}]},"6":{"line":94,"type":"if","locations":[{"start":{"line":94,"column":8},"end":{"line":94,"column":8}},{"start":{"line":94,"column":8},"end":{"line":94,"column":8}}]},"7":{"line":101,"type":"if","locations":[{"start":{"line":101,"column":12},"end":{"line":101,"column":12}},{"start":{"line":101,"column":12},"end":{"line":101,"column":12}}]},"8":{"line":105,"type":"if","locations":[{"start":{"line":105,"column":8},"end":{"line":105,"column":8}},{"start":{"line":105,"column":8},"end":{"line":105,"column":8}}]},"9":{"line":106,"type":"if","locations":[{"start":{"line":106,"column":8},"end":{"line":106,"column":8}},{"start":{"line":106,"column":8},"end":{"line":106,"column":8}}]},"10":{"line":107,"type":"if","locations":[{"start":{"line":107,"column":8},"end":{"line":107,"column":8}},{"start":{"line":107,"column":8},"end":{"line":107,"column":8}}]},"11":{"line":137,"type":"if","locations":[{"start":{"line":137,"column":8},"end":{"line":137,"column":8}},{"start":{"line":137,"column":8},"end":{"line":137,"column":8}}]},"12":{"line":142,"type":"if","locations":[{"start":{"line":142,"column":8},"end":{"line":142,"column":8}},{"start":{"line":142,"column":8},"end":{"line":142,"column":8}}]},"13":{"line":143,"type":"cond-expr","locations":[{"start":{"line":143,"column":12},"end":{"line":143,"column":63}},{"start":{"line":144,"column":12},"end":{"line":144,"column":63}}]},"14":{"line":152,"type":"if","locations":[{"start":{"line":152,"column":8},"end":{"line":152,"column":8}},{"start":{"line":152,"column":8},"end":{"line":152,"column":8}}]},"15":{"line":157,"type":"if","locations":[{"start":{"line":157,"column":8},"end":{"line":157,"column":8}},{"start":{"line":157,"column":8},"end":{"line":157,"column":8}}]},"16":{"line":158,"type":"if","locations":[{"start":{"line":158,"column":8},"end":{"line":158,"column":8}},{"start":{"line":158,"column":8},"end":{"line":158,"column":8}}]},"17":{"line":183,"type":"if","locations":[{"start":{"line":183,"column":8},"end":{"line":183,"column":8}},{"start":{"line":183,"column":8},"end":{"line":183,"column":8}}]},"18":{"line":184,"type":"if","locations":[{"start":{"line":184,"column":8},"end":{"line":184,"column":8}},{"start":{"line":184,"column":8},"end":{"line":184,"column":8}}]},"19":{"line":199,"type":"if","locations":[{"start":{"line":199,"column":8},"end":{"line":199,"column":8}},{"start":{"line":199,"column":8},"end":{"line":199,"column":8}}]},"20":{"line":200,"type":"cond-expr","locations":[{"start":{"line":200,"column":12},"end":{"line":200,"column":66}},{"start":{"line":201,"column":12},"end":{"line":201,"column":66}}]},"21":{"line":206,"type":"if","locations":[{"start":{"line":206,"column":14},"end":{"line":206,"column":33}},{"start":{"line":207,"column":14},"end":{"line":207,"column":33}}]},"22":{"line":212,"type":"if","locations":[{"start":{"line":212,"column":8},"end":{"line":212,"column":8}},{"start":{"line":212,"column":8},"end":{"line":212,"column":8}}]},"23":{"line":214,"type":"if","locations":[{"start":{"line":214,"column":8},"end":{"line":214,"column":8}},{"start":{"line":214,"column":8},"end":{"line":214,"column":8}}]},"24":{"line":234,"type":"if","locations":[{"start":{"line":234,"column":8},"end":{"line":234,"column":8}},{"start":{"line":234,"column":8},"end":{"line":234,"column":8}}]},"25":{"line":235,"type":"cond-expr","locations":[{"start":{"line":235,"column":12},"end":{"line":235,"column":63}},{"start":{"line":236,"column":12},"end":{"line":236,"column":63}}]},"26":{"line":243,"type":"if","locations":[{"start":{"line":243,"column":8},"end":{"line":243,"column":8}},{"start":{"line":243,"column":8},"end":{"line":243,"column":8}}]},"27":{"line":258,"type":"if","locations":[{"start":{"line":258,"column":8},"end":{"line":258,"column":8}},{"start":{"line":258,"column":8},"end":{"line":258,"column":8}}]},"28":{"line":259,"type":"if","locations":[{"start":{"line":259,"column":8},"end":{"line":259,"column":8}},{"start":{"line":259,"column":8},"end":{"line":259,"column":8}}]}}}}