{
"contracts/MockERC20.sol":{"l":{"8":44},"path":"/home/hernan/proyects/ethkipu/ethkipu-modulo4-tp/contracts/MockERC20.sol","s":{"1":44},"b":{},"f":{"1":44},"fnMap":{"1":{"name":"constructor","line":7,"loc":{"start":{"line":7,"column":4},"end":{"line":9,"column":4}}}},"statementMap":{"1":{"start":{"line":8,"column":8},"end":{"line":8,"column":39}}},"branchMap":{}},
"contracts/SimpleSwap.sol":{"l":{"49":20,"51":19,"52":19,"54":19,"55":18,"56":17,"57":17,"58":17,"59":17,"61":1,"68":17,"69":17,"70":17,"72":17,"73":17,"74":17,"75":17,"77":0,"78":0,"79":0,"80":0,"83":17,"84":16,"85":15,"87":14,"88":14,"90":14,"91":14,"92":14,"114":5,"116":4,"117":4,"119":4,"125":4,"126":4,"127":4,"129":4,"131":3,"132":3,"134":3,"135":2,"137":1,"139":1,"140":1,"142":1,"143":1,"159":6,"160":5,"162":4,"163":4,"165":4,"166":4,"168":4,"174":2,"178":2,"180":2,"181":2,"183":1,"184":1,"185":1,"187":0,"188":0,"191":1,"199":2,"200":2,"202":2,"208":1,"209":1,"211":1,"213":1,"226":3,"227":2,"229":1},"path":"/home/hernan/proyects/ethkipu/ethkipu-modulo4-tp/contracts/SimpleSwap.sol","s":{"1":20,"2":19,"3":19,"4":19,"5":18,"6":1,"7":17,"8":17,"9":17,"10":17,"11":0,"12":17,"13":16,"14":15,"15":14,"16":14,"17":14,"18":5,"19":4,"20":4,"21":4,"22":4,"23":4,"24":4,"25":4,"26":3,"27":2,"28":1,"29":1,"30":1,"31":6,"32":5,"33":4,"34":4,"35":4,"36":4,"37":4,"38":2,"39":2,"40":2,"41":2,"42":1,"43":1,"44":2,"45":2,"46":2,"47":1,"48":1,"49":1,"50":3,"51":2,"52":1},"b":{"1":[19,1],"2":[18,1],"3":[17,1],"4":[0,1],"5":[0,0],"6":[17,0],"7":[0,0],"8":[16,1],"9":[15,1],"10":[14,1],"11":[4,1],"12":[4,0],"13":[4,0],"14":[3,1],"15":[2,1],"16":[1,1],"17":[5,1],"18":[4,1],"19":[2,2],"20":[2,0],"21":[2,0],"22":[1,1],"23":[1,0],"24":[1,1],"25":[1,0],"26":[1,0],"27":[2,1],"28":[1,1]},"f":{"1":22,"2":20,"3":5,"4":6,"5":2,"6":3},"fnMap":{"1":{"name":"constructor","line":25,"loc":{"start":{"line":25,"column":4},"end":{"line":25,"column":44}}},"2":{"name":"addLiquidity","line":39,"loc":{"start":{"line":39,"column":4},"end":{"line":93,"column":4}}},"3":{"name":"removeLiquidity","line":105,"loc":{"start":{"line":105,"column":4},"end":{"line":144,"column":4}}},"4":{"name":"swapExactTokensForTokens","line":152,"loc":{"start":{"line":152,"column":4},"end":{"line":192,"column":4}}},"5":{"name":"getPrice","line":198,"loc":{"start":{"line":198,"column":4},"end":{"line":214,"column":4}}},"6":{"name":"getAmountOut","line":221,"loc":{"start":{"line":221,"column":4},"end":{"line":230,"column":4}}}},"statementMap":{"1":{"start":{"line":49,"column":8},"end":{"line":49,"column":54}},"2":{"start":{"line":51,"column":8},"end":{"line":51,"column":44}},"3":{"start":{"line":52,"column":8},"end":{"line":52,"column":44}},"4":{"start":{"line":54,"column":8},"end":{"line":54,"column":2092}},"5":{"start":{"line":55,"column":12},"end":{"line":55,"column":58}},"6":{"start":{"line":61,"column":12},"end":{"line":61,"column":2394}},"7":{"start":{"line":68,"column":8},"end":{"line":68,"column":36}},"8":{"start":{"line":69,"column":8},"end":{"line":69,"column":36}},"9":{"start":{"line":70,"column":8},"end":{"line":70,"column":44}},"10":{"start":{"line":72,"column":8},"end":{"line":72,"column":2735}},"11":{"start":{"line":79,"column":12},"end":{"line":79,"column":59}},"12":{"start":{"line":83,"column":8},"end":{"line":83,"column":46}},"13":{"start":{"line":84,"column":8},"end":{"line":84,"column":46}},"14":{"start":{"line":85,"column":8},"end":{"line":85,"column":47}},"15":{"start":{"line":87,"column":8},"end":{"line":87,"column":81}},"16":{"start":{"line":88,"column":8},"end":{"line":88,"column":81}},"17":{"start":{"line":92,"column":8},"end":{"line":92,"column":27}},"18":{"start":{"line":114,"column":8},"end":{"line":114,"column":54}},"19":{"start":{"line":116,"column":8},"end":{"line":116,"column":44}},"20":{"start":{"line":117,"column":8},"end":{"line":117,"column":44}},"21":{"start":{"line":119,"column":8},"end":{"line":119,"column":4541}},"22":{"start":{"line":125,"column":8},"end":{"line":125,"column":36}},"23":{"start":{"line":126,"column":8},"end":{"line":126,"column":36}},"24":{"start":{"line":127,"column":8},"end":{"line":127,"column":44}},"25":{"start":{"line":129,"column":8},"end":{"line":129,"column":67}},"26":{"start":{"line":134,"column":8},"end":{"line":134,"column":46}},"27":{"start":{"line":135,"column":8},"end":{"line":135,"column":46}},"28":{"start":{"line":137,"column":8},"end":{"line":137,"column":35}},"29":{"start":{"line":142,"column":8},"end":{"line":142,"column":54}},"30":{"start":{"line":143,"column":8},"end":{"line":143,"column":54}},"31":{"start":{"line":159,"column":8},"end":{"line":159,"column":54}},"32":{"start":{"line":160,"column":8},"end":{"line":160,"column":54}},"33":{"start":{"line":162,"column":8},"end":{"line":162,"column":33}},"34":{"start":{"line":163,"column":8},"end":{"line":163,"column":34}},"35":{"start":{"line":165,"column":8},"end":{"line":165,"column":44}},"36":{"start":{"line":166,"column":8},"end":{"line":166,"column":44}},"37":{"start":{"line":168,"column":8},"end":{"line":168,"column":6238}},"38":{"start":{"line":174,"column":8},"end":{"line":174,"column":6465}},"39":{"start":{"line":178,"column":8},"end":{"line":178,"column":76}},"40":{"start":{"line":180,"column":8},"end":{"line":180,"column":76}},"41":{"start":{"line":181,"column":8},"end":{"line":181,"column":53}},"42":{"start":{"line":183,"column":8},"end":{"line":183,"column":6801}},"43":{"start":{"line":191,"column":8},"end":{"line":191,"column":51}},"44":{"start":{"line":199,"column":8},"end":{"line":199,"column":44}},"45":{"start":{"line":200,"column":8},"end":{"line":200,"column":44}},"46":{"start":{"line":202,"column":8},"end":{"line":202,"column":7443}},"47":{"start":{"line":208,"column":8},"end":{"line":208,"column":36}},"48":{"start":{"line":209,"column":8},"end":{"line":209,"column":36}},"49":{"start":{"line":211,"column":8},"end":{"line":211,"column":61}},"50":{"start":{"line":226,"column":8},"end":{"line":226,"column":42}},"51":{"start":{"line":227,"column":8},"end":{"line":227,"column":65}},"52":{"start":{"line":229,"column":8},"end":{"line":229,"column":63}}},"branchMap":{"1":{"line":49,"type":"if","locations":[{"start":{"line":49,"column":8},"end":{"line":49,"column":8}},{"start":{"line":49,"column":8},"end":{"line":49,"column":8}}]},"2":{"line":54,"type":"if","locations":[{"start":{"line":54,"column":8},"end":{"line":54,"column":8}},{"start":{"line":54,"column":8},"end":{"line":54,"column":8}}]},"3":{"line":55,"type":"if","locations":[{"start":{"line":55,"column":12},"end":{"line":55,"column":12}},{"start":{"line":55,"column":12},"end":{"line":55,"column":12}}]},"4":{"line":61,"type":"if","locations":[{"start":{"line":61,"column":12},"end":{"line":61,"column":12}},{"start":{"line":61,"column":12},"end":{"line":61,"column":12}}]},"5":{"line":62,"type":"cond-expr","locations":[{"start":{"line":62,"column":16},"end":{"line":62,"column":67}},{"start":{"line":63,"column":16},"end":{"line":63,"column":67}}]},"6":{"line":72,"type":"if","locations":[{"start":{"line":72,"column":8},"end":{"line":72,"column":8}},{"start":{"line":72,"column":8},"end":{"line":72,"column":8}}]},"7":{"line":79,"type":"if","locations":[{"start":{"line":79,"column":12},"end":{"line":79,"column":12}},{"start":{"line":79,"column":12},"end":{"line":79,"column":12}}]},"8":{"line":83,"type":"if","locations":[{"start":{"line":83,"column":8},"end":{"line":83,"column":8}},{"start":{"line":83,"column":8},"end":{"line":83,"column":8}}]},"9":{"line":84,"type":"if","locations":[{"start":{"line":84,"column":8},"end":{"line":84,"column":8}},{"start":{"line":84,"column":8},"end":{"line":84,"column":8}}]},"10":{"line":85,"type":"if","locations":[{"start":{"line":85,"column":8},"end":{"line":85,"column":8}},{"start":{"line":85,"column":8},"end":{"line":85,"column":8}}]},"11":{"line":114,"type":"if","locations":[{"start":{"line":114,"column":8},"end":{"line":114,"column":8}},{"start":{"line":114,"column":8},"end":{"line":114,"column":8}}]},"12":{"line":119,"type":"if","locations":[{"start":{"line":119,"column":8},"end":{"line":119,"column":8}},{"start":{"line":119,"column":8},"end":{"line":119,"column":8}}]},"13":{"line":120,"type":"cond-expr","locations":[{"start":{"line":120,"column":12},"end":{"line":120,"column":63}},{"start":{"line":121,"column":12},"end":{"line":121,"column":63}}]},"14":{"line":129,"type":"if","locations":[{"start":{"line":129,"column":8},"end":{"line":129,"column":8}},{"start":{"line":129,"column":8},"end":{"line":129,"column":8}}]},"15":{"line":134,"type":"if","locations":[{"start":{"line":134,"column":8},"end":{"line":134,"column":8}},{"start":{"line":134,"column":8},"end":{"line":134,"column":8}}]},"16":{"line":135,"type":"if","locations":[{"start":{"line":135,"column":8},"end":{"line":135,"column":8}},{"start":{"line":135,"column":8},"end":{"line":135,"column":8}}]},"17":{"line":159,"type":"if","locations":[{"start":{"line":159,"column":8},"end":{"line":159,"column":8}},{"start":{"line":159,"column":8},"end":{"line":159,"column":8}}]},"18":{"line":160,"type":"if","locations":[{"start":{"line":160,"column":8},"end":{"line":160,"column":8}},{"start":{"line":160,"column":8},"end":{"line":160,"column":8}}]},"19":{"line":168,"type":"if","locations":[{"start":{"line":168,"column":8},"end":{"line":168,"column":8}},{"start":{"line":168,"column":8},"end":{"line":168,"column":8}}]},"20":{"line":169,"type":"cond-expr","locations":[{"start":{"line":169,"column":12},"end":{"line":169,"column":66}},{"start":{"line":170,"column":12},"end":{"line":170,"column":66}}]},"21":{"line":175,"type":"if","locations":[{"start":{"line":175,"column":14},"end":{"line":175,"column":33}},{"start":{"line":176,"column":14},"end":{"line":176,"column":33}}]},"22":{"line":181,"type":"if","locations":[{"start":{"line":181,"column":8},"end":{"line":181,"column":8}},{"start":{"line":181,"column":8},"end":{"line":181,"column":8}}]},"23":{"line":183,"type":"if","locations":[{"start":{"line":183,"column":8},"end":{"line":183,"column":8}},{"start":{"line":183,"column":8},"end":{"line":183,"column":8}}]},"24":{"line":202,"type":"if","locations":[{"start":{"line":202,"column":8},"end":{"line":202,"column":8}},{"start":{"line":202,"column":8},"end":{"line":202,"column":8}}]},"25":{"line":203,"type":"cond-expr","locations":[{"start":{"line":203,"column":12},"end":{"line":203,"column":63}},{"start":{"line":204,"column":12},"end":{"line":204,"column":63}}]},"26":{"line":211,"type":"if","locations":[{"start":{"line":211,"column":8},"end":{"line":211,"column":8}},{"start":{"line":211,"column":8},"end":{"line":211,"column":8}}]},"27":{"line":226,"type":"if","locations":[{"start":{"line":226,"column":8},"end":{"line":226,"column":8}},{"start":{"line":226,"column":8},"end":{"line":226,"column":8}}]},"28":{"line":227,"type":"if","locations":[{"start":{"line":227,"column":8},"end":{"line":227,"column":8}},{"start":{"line":227,"column":8},"end":{"line":227,"column":8}}]}}}}
