TN:
SF:/home/hernan/proyects/ethkipu/ethkipu-modulo4-tp/contracts/MockERC20.sol
FN:7,constructor
FNF:1
FNH:1
FNDA:44,constructor
DA:8,44
LF:1
LH:1
BRF:0
BRH:0
end_of_record
TN:
SF:/home/hernan/proyects/ethkipu/ethkipu-modulo4-tp/contracts/SimpleSwap.sol
FN:25,constructor
FN:39,addLiquidity
FN:105,removeLiquidity
FN:152,swapExactTokensForTokens
FN:198,getPrice
FN:221,getAmountOut
FNF:6
FNH:6
FNDA:22,constructor
FNDA:20,addLiquidity
FNDA:5,removeLiquidity
FNDA:6,swapExactTokensForTokens
FNDA:2,getPrice
FNDA:3,getAmountOut
DA:49,20
DA:51,19
DA:52,19
DA:54,19
DA:55,18
DA:56,17
DA:57,17
DA:58,17
DA:59,17
DA:61,1
DA:68,17
DA:69,17
DA:70,17
DA:72,17
DA:73,17
DA:74,17
DA:75,17
DA:77,0
DA:78,0
DA:79,0
DA:80,0
DA:83,17
DA:84,16
DA:85,15
DA:87,14
DA:88,14
DA:90,14
DA:91,14
DA:92,14
DA:114,5
DA:116,4
DA:117,4
DA:119,4
DA:125,4
DA:126,4
DA:127,4
DA:129,4
DA:131,3
DA:132,3
DA:134,3
DA:135,2
DA:137,1
DA:139,1
DA:140,1
DA:142,1
DA:143,1
DA:159,6
DA:160,5
DA:162,4
DA:163,4
DA:165,4
DA:166,4
DA:168,4
DA:174,2
DA:178,2
DA:180,2
DA:181,2
DA:183,1
DA:184,1
DA:185,1
DA:187,0
DA:188,0
DA:191,1
DA:199,2
DA:200,2
DA:202,2
DA:208,1
DA:209,1
DA:211,1
DA:213,1
DA:226,3
DA:227,2
DA:229,1
LF:73
LH:67
BRDA:49,1,0,19
BRDA:49,1,1,1
BRDA:54,2,0,18
BRDA:54,2,1,1
BRDA:55,3,0,17
BRDA:55,3,1,1
BRDA:61,4,0,0
BRDA:61,4,1,1
BRDA:62,5,0,0
BRDA:62,5,1,0
BRDA:72,6,0,17
BRDA:72,6,1,0
BRDA:79,7,0,0
BRDA:79,7,1,0
BRDA:83,8,0,16
BRDA:83,8,1,1
BRDA:84,9,0,15
BRDA:84,9,1,1
BRDA:85,10,0,14
BRDA:85,10,1,1
BRDA:114,11,0,4
BRDA:114,11,1,1
BRDA:119,12,0,4
BRDA:119,12,1,0
BRDA:120,13,0,4
BRDA:120,13,1,0
BRDA:129,14,0,3
BRDA:129,14,1,1
BRDA:134,15,0,2
BRDA:134,15,1,1
BRDA:135,16,0,1
BRDA:135,16,1,1
BRDA:159,17,0,5
BRDA:159,17,1,1
BRDA:160,18,0,4
BRDA:160,18,1,1
BRDA:168,19,0,2
BRDA:168,19,1,2
BRDA:169,20,0,2
BRDA:169,20,1,0
BRDA:175,21,0,2
BRDA:175,21,1,0
BRDA:181,22,0,1
BRDA:181,22,1,1
BRDA:183,23,0,1
BRDA:183,23,1,0
BRDA:202,24,0,1
BRDA:202,24,1,1
BRDA:203,25,0,1
BRDA:203,25,1,0
BRDA:211,26,0,1
BRDA:211,26,1,0
BRDA:226,27,0,2
BRDA:226,27,1,1
BRDA:227,28,0,1
BRDA:227,28,1,1
BRF:56
BRH:43
end_of_record
