TN:
SF:/home/hernan/proyects/ethkipu/ethkipu-modulo4-tp/contracts/MockERC20.sol
FN:7,constructor
FNF:1
FNH:1
FNDA:28,constructor
DA:8,28
LF:1
LH:1
BRF:0
BRH:0
end_of_record
TN:
SF:/home/hernan/proyects/ethkipu/ethkipu-modulo4-tp/contracts/SimpleSwap.sol
FN:25,constructor
FN:39,addLiquidity
FN:105,removeLiquidity
FN:152,swapExactTokensForTokens
FN:198,getPrice
FN:221,getAmountOut
FNF:6
FNH:6
FNDA:14,constructor
FNDA:12,addLiquidity
FNDA:2,removeLiquidity
FNDA:2,swapExactTokensForTokens
FNDA:2,getPrice
FNDA:3,getAmountOut
DA:49,12
DA:51,11
DA:52,11
DA:54,11
DA:55,10
DA:56,9
DA:57,9
DA:58,9
DA:59,9
DA:61,1
DA:68,9
DA:69,9
DA:70,9
DA:72,9
DA:73,9
DA:74,9
DA:75,9
DA:77,0
DA:78,0
DA:79,0
DA:80,0
DA:83,9
DA:84,9
DA:85,9
DA:87,9
DA:88,9
DA:90,9
DA:91,9
DA:92,9
DA:114,2
DA:116,1
DA:117,1
DA:119,1
DA:125,1
DA:126,1
DA:127,1
DA:129,1
DA:131,1
DA:132,1
DA:134,1
DA:135,1
DA:137,1
DA:139,1
DA:140,1
DA:142,1
DA:143,1
DA:159,2
DA:160,1
DA:162,1
DA:163,1
DA:165,1
DA:166,1
DA:168,1
DA:174,1
DA:178,1
DA:180,1
DA:181,1
DA:183,1
DA:184,1
DA:185,1
DA:187,0
DA:188,0
DA:191,1
DA:199,2
DA:200,2
DA:202,2
DA:208,1
DA:209,1
DA:211,1
DA:213,1
DA:226,3
DA:227,2
DA:229,1
LF:73
LH:67
BRDA:49,1,0,11
BRDA:49,1,1,1
BRDA:54,2,0,10
BRDA:54,2,1,1
BRDA:55,3,0,9
BRDA:55,3,1,1
BRDA:61,4,0,0
BRDA:61,4,1,1
BRDA:62,5,0,0
BRDA:62,5,1,0
BRDA:72,6,0,9
BRDA:72,6,1,0
BRDA:79,7,0,0
BRDA:79,7,1,0
BRDA:83,8,0,9
BRDA:83,8,1,0
BRDA:84,9,0,9
BRDA:84,9,1,0
BRDA:85,10,0,9
BRDA:85,10,1,0
BRDA:114,11,0,1
BRDA:114,11,1,1
BRDA:119,12,0,1
BRDA:119,12,1,0
BRDA:120,13,0,1
BRDA:120,13,1,0
BRDA:129,14,0,1
BRDA:129,14,1,0
BRDA:134,15,0,1
BRDA:134,15,1,0
BRDA:135,16,0,1
BRDA:135,16,1,0
BRDA:159,17,0,1
BRDA:159,17,1,1
BRDA:160,18,0,1
BRDA:160,18,1,0
BRDA:168,19,0,1
BRDA:168,19,1,0
BRDA:169,20,0,1
BRDA:169,20,1,0
BRDA:175,21,0,1
BRDA:175,21,1,0
BRDA:181,22,0,1
BRDA:181,22,1,0
BRDA:183,23,0,1
BRDA:183,23,1,0
BRDA:202,24,0,1
BRDA:202,24,1,1
BRDA:203,25,0,1
BRDA:203,25,1,0
BRDA:211,26,0,1
BRDA:211,26,1,0
BRDA:226,27,0,2
BRDA:226,27,1,1
BRDA:227,28,0,1
BRDA:227,28,1,1
BRF:56
BRH:34
end_of_record
